<?xml version="1.0" encoding="UTF-8"?>
<testsuite name="DynamicArrayTest" tests="1" skipped="0" failures="0" errors="0" timestamp="2022-01-24T20:27:36" hostname="i108585525" time="78.194">
  <properties/>
  <testcase name="runTest" classname="DynamicArrayTest" time="78.194"/>
  <system-out><![CDATA[
= Iteration 1 / 100 =
Execution scenario (init part):
[put(5, 2), size()]
Execution scenario (parallel part):
| get(2)      | put(4, 6)  | put(2, -6)  |
| pushBack(4) | put(0, -8) | get(2)      |
| put(1, 1)   | size()     | pushBack(6) |
Execution scenario (post part):
[pushBack(2), pushBack(1)]

= Iteration 2 / 100 =
Execution scenario (init part):
[put(2, 4), size()]
Execution scenario (parallel part):
| size()      | size() | get(0)      |
| size()      | get(2) | pushBack(4) |
| pushBack(0) | get(3) | pushBack(0) |
Execution scenario (post part):
[get(6), put(0, -8)]

= Iteration 3 / 100 =
Execution scenario (init part):
[get(1), get(3)]
Execution scenario (parallel part):
| put(3, 5)  | get(4)      | size()      |
| put(2, -4) | get(2)      | pushBack(6) |
| put(5, -8) | pushBack(2) | pushBack(6) |
Execution scenario (post part):
[get(0), size()]

= Iteration 4 / 100 =
Execution scenario (init part):
[size(), size()]
Execution scenario (parallel part):
| put(3, -2) | pushBack(2) | size()    |
| put(0, -8) | size()      | put(4, 4) |
| put(3, 6)  | size()      | get(3)    |
Execution scenario (post part):
[size(), pushBack(0)]

= Iteration 5 / 100 =
Execution scenario (init part):
[put(3, 1), put(1, 4)]
Execution scenario (parallel part):
| size()    | size()      | get(0)      |
| put(5, 0) | get(3)      | get(0)      |
| size()    | pushBack(6) | put(1, -10) |
Execution scenario (post part):
[put(5, 10), put(0, 4)]

= Iteration 6 / 100 =
Execution scenario (init part):
[get(6), get(0)]
Execution scenario (parallel part):
| pushBack(0) | pushBack(6) | pushBack(6) |
| get(5)      | put(4, -9)  | get(3)      |
| put(3, -7)  | pushBack(4) | size()      |
Execution scenario (post part):
[pushBack(2), put(2, 7)]

= Iteration 7 / 100 =
Execution scenario (init part):
[size(), size()]
Execution scenario (parallel part):
| size()     | put(0, 1)   | size() |
| put(5, -8) | put(6, 6)   | get(6) |
| get(5)     | pushBack(6) | get(6) |
Execution scenario (post part):
[get(5), size()]

= Iteration 8 / 100 =
Execution scenario (init part):
[get(3), get(3)]
Execution scenario (parallel part):
| pushBack(3) | put(0, -4) | pushBack(6) |
| size()      | size()     | put(3, 9)   |
| put(2, -1)  | get(6)     | get(4)      |
Execution scenario (post part):
[size(), pushBack(3)]

= Iteration 9 / 100 =
Execution scenario (init part):
[size(), size()]
Execution scenario (parallel part):
| get(0)    | put(3, 10) | pushBack(5) |
| put(6, 4) | size()     | get(2)      |
| size()    | size()     | size()      |
Execution scenario (post part):
[pushBack(1), size()]

= Iteration 10 / 100 =
Execution scenario (init part):
[pushBack(5), get(4)]
Execution scenario (parallel part):
| get(2)      | size() | get(0)     |
| put(6, 7)   | size() | put(4, -8) |
| pushBack(3) | size() | put(6, 4)  |
Execution scenario (post part):
[pushBack(6), pushBack(2)]

= Iteration 11 / 100 =
Execution scenario (init part):
[pushBack(0), get(0)]
Execution scenario (parallel part):
| size()    | pushBack(6) | put(3, 1)   |
| put(6, 7) | size()      | put(2, -7)  |
| size()    | put(1, 4)   | pushBack(2) |
Execution scenario (post part):
[pushBack(6), get(3)]

= Iteration 12 / 100 =
Execution scenario (init part):
[size(), get(6)]
Execution scenario (parallel part):
| get(3)      | get(6) | get(4)      |
| pushBack(2) | get(3) | size()      |
| pushBack(4) | size() | pushBack(4) |
Execution scenario (post part):
[size(), put(6, 0)]

= Iteration 13 / 100 =
Execution scenario (init part):
[put(5, 5), put(2, 4)]
Execution scenario (parallel part):
| pushBack(2) | pushBack(1) | pushBack(1) |
| put(6, 9)   | size()      | put(0, 7)   |
| get(0)      | get(2)      | get(5)      |
Execution scenario (post part):
[get(3), pushBack(0)]

= Iteration 14 / 100 =
Execution scenario (init part):
[size(), get(1)]
Execution scenario (parallel part):
| size()    | size()    | size()      |
| get(4)    | put(4, 4) | pushBack(6) |
| put(4, 3) | put(2, 5) | pushBack(5) |
Execution scenario (post part):
[size(), pushBack(5)]

= Iteration 15 / 100 =
Execution scenario (init part):
[pushBack(3), size()]
Execution scenario (parallel part):
| size()     | size() | put(4, 9) |
| put(3, -3) | size() | get(6)    |
| get(3)     | size() | put(1, 3) |
Execution scenario (post part):
[pushBack(6), pushBack(6)]

= Iteration 16 / 100 =
Execution scenario (init part):
[get(5), put(4, -10)]
Execution scenario (parallel part):
| pushBack(0) | put(4, -3)  | get(2)      |
| pushBack(2) | pushBack(2) | pushBack(3) |
| put(5, -4)  | put(6, 10)  | get(4)      |
Execution scenario (post part):
[pushBack(6), pushBack(6)]

= Iteration 17 / 100 =
Execution scenario (init part):
[get(5), size()]
Execution scenario (parallel part):
| put(0, 2) | size()    | put(5, 8)   |
| put(1, 0) | put(0, 0) | pushBack(1) |
| get(4)    | put(6, 1) | pushBack(2) |
Execution scenario (post part):
[get(4), size()]

= Iteration 18 / 100 =
Execution scenario (init part):
[pushBack(4), get(2)]
Execution scenario (parallel part):
| put(6, -1)  | get(6)      | put(6, 6) |
| pushBack(6) | get(2)      | size()    |
| size()      | pushBack(3) | get(5)    |
Execution scenario (post part):
[pushBack(1), pushBack(4)]

= Iteration 19 / 100 =
Execution scenario (init part):
[put(4, 4), pushBack(4)]
Execution scenario (parallel part):
| pushBack(1) | put(5, 9) | pushBack(2) |
| get(2)      | put(2, 3) | pushBack(3) |
| put(4, -4)  | size()    | size()      |
Execution scenario (post part):
[size(), put(0, 2)]

= Iteration 20 / 100 =
Execution scenario (init part):
[get(3), put(5, -4)]
Execution scenario (parallel part):
| get(3)     | pushBack(4) | put(4, 3)   |
| put(5, -5) | put(5, 0)   | size()      |
| get(5)     | put(1, -7)  | pushBack(1) |
Execution scenario (post part):
[get(2), size()]

= Iteration 21 / 100 =
Execution scenario (init part):
[put(5, 7), put(1, -3)]
Execution scenario (parallel part):
| put(2, 10) | pushBack(1) | size()      |
| size()     | put(6, 7)   | pushBack(4) |
| put(0, -8) | pushBack(1) | pushBack(3) |
Execution scenario (post part):
[size(), size()]

= Iteration 22 / 100 =
Execution scenario (init part):
[get(6), get(2)]
Execution scenario (parallel part):
| pushBack(3) | get(3)      | size()     |
| put(2, -4)  | get(3)      | size()     |
| put(0, 1)   | pushBack(0) | put(1, -7) |
Execution scenario (post part):
[put(2, -3), get(2)]

= Iteration 23 / 100 =
Execution scenario (init part):
[get(4), put(3, 0)]
Execution scenario (parallel part):
| get(1)     | pushBack(6) | put(6, 9) |
| size()     | pushBack(5) | size()    |
| put(1, -4) | get(1)      | size()    |
Execution scenario (post part):
[pushBack(4), put(3, -1)]

= Iteration 24 / 100 =
Execution scenario (init part):
[get(4), get(5)]
Execution scenario (parallel part):
| put(0, -9)  | pushBack(4) | put(0, 2) |
| pushBack(3) | get(4)      | put(3, 8) |
| pushBack(0) | get(0)      | get(2)    |
Execution scenario (post part):
[pushBack(2), pushBack(4)]

= Iteration 25 / 100 =
Execution scenario (init part):
[get(2), pushBack(5)]
Execution scenario (parallel part):
| pushBack(2) | get(4) | size()    |
| get(5)      | get(6) | put(2, 6) |
| get(2)      | size() | size()    |
Execution scenario (post part):
[put(6, -3), put(6, -4)]

= Iteration 26 / 100 =
Execution scenario (init part):
[size(), get(1)]
Execution scenario (parallel part):
| put(5, -6) | put(1, -7) | put(1, 3) |
| get(2)     | get(5)     | get(4)    |
| size()     | size()     | size()    |
Execution scenario (post part):
[pushBack(2), size()]

= Iteration 27 / 100 =
Execution scenario (init part):
[size(), get(6)]
Execution scenario (parallel part):
| put(5, -4) | get(3)      | put(0, -1) |
| put(2, 4)  | pushBack(6) | get(1)     |
| put(0, -3) | pushBack(2) | size()     |
Execution scenario (post part):
[put(0, -4), get(4)]

= Iteration 28 / 100 =
Execution scenario (init part):
[pushBack(1), size()]
Execution scenario (parallel part):
| pushBack(0) | get(3)      | size()     |
| pushBack(6) | put(4, -7)  | put(4, -4) |
| size()      | pushBack(0) | size()     |
Execution scenario (post part):
[get(5), pushBack(1)]

= Iteration 29 / 100 =
Execution scenario (init part):
[get(4), size()]
Execution scenario (parallel part):
| get(0)      | size()      | put(0, -1) |
| put(4, -2)  | put(2, -1)  | put(0, 10) |
| pushBack(5) | pushBack(6) | put(2, 7)  |
Execution scenario (post part):
[get(5), get(5)]

= Iteration 30 / 100 =
Execution scenario (init part):
[get(2), pushBack(5)]
Execution scenario (parallel part):
| get(2)     | get(1) | get(5)      |
| put(1, -4) | size() | pushBack(4) |
| get(0)     | size() | put(1, 0)   |
Execution scenario (post part):
[put(5, -4), size()]

= Iteration 31 / 100 =
Execution scenario (init part):
[put(5, 8), pushBack(0)]
Execution scenario (parallel part):
| pushBack(4) | pushBack(3) | pushBack(3) |
| put(5, -1)  | pushBack(6) | put(6, 0)   |
| put(6, -6)  | size()      | get(4)      |
Execution scenario (post part):
[get(3), get(4)]

= Iteration 32 / 100 =
Execution scenario (init part):
[put(4, 1), size()]
Execution scenario (parallel part):
| get(6) | put(4, 3)   | pushBack(6) |
| size() | pushBack(3) | get(2)      |
| get(2) | get(0)      | get(5)      |
Execution scenario (post part):
[put(2, 9), size()]

= Iteration 33 / 100 =
Execution scenario (init part):
[size(), get(3)]
Execution scenario (parallel part):
| pushBack(3) | size()    | get(2)    |
| pushBack(1) | get(5)    | get(4)    |
| size()      | put(5, 6) | put(0, 6) |
Execution scenario (post part):
[pushBack(0), pushBack(3)]

= Iteration 34 / 100 =
Execution scenario (init part):
[get(5), pushBack(6)]
Execution scenario (parallel part):
| pushBack(6) | size()      | get(6)     |
| put(5, 5)   | put(3, -9)  | put(5, -4) |
| size()      | put(6, -10) | get(5)     |
Execution scenario (post part):
[pushBack(3), put(5, -10)]

= Iteration 35 / 100 =
Execution scenario (init part):
[get(6), put(5, -8)]
Execution scenario (parallel part):
| put(5, -5) | size() | put(5, 0)  |
| get(5)     | get(1) | size()     |
| put(1, -3) | size() | put(5, -2) |
Execution scenario (post part):
[size(), size()]

= Iteration 36 / 100 =
Execution scenario (init part):
[size(), put(2, -6)]
Execution scenario (parallel part):
| put(3, 1)   | pushBack(1) | put(3, 3)   |
| get(5)      | size()      | pushBack(5) |
| pushBack(2) | put(3, 8)   | size()      |
Execution scenario (post part):
[size(), pushBack(4)]

= Iteration 37 / 100 =
Execution scenario (init part):
[put(1, -1), pushBack(0)]
Execution scenario (parallel part):
| get(2) | size() | put(3, -5)  |
| get(5) | size() | put(2, 2)   |
| get(6) | get(0) | pushBack(5) |
Execution scenario (post part):
[put(2, 7), put(0, -6)]

= Iteration 38 / 100 =
Execution scenario (init part):
[get(1), get(2)]
Execution scenario (parallel part):
| get(6)      | pushBack(1) | get(4)      |
| pushBack(3) | size()      | pushBack(2) |
| get(3)      | get(0)      | size()      |
Execution scenario (post part):
[pushBack(4), pushBack(5)]

= Iteration 39 / 100 =
Execution scenario (init part):
[put(4, 0), pushBack(6)]
Execution scenario (parallel part):
| get(1)     | pushBack(2) | pushBack(4) |
| size()     | get(4)      | size()      |
| put(3, 10) | put(2, 7)   | pushBack(6) |
Execution scenario (post part):
[size(), pushBack(1)]

= Iteration 40 / 100 =
Execution scenario (init part):
[pushBack(5), size()]
Execution scenario (parallel part):
| put(0, -9)  | put(2, -4) | pushBack(3) |
| get(3)      | get(6)     | size()      |
| pushBack(1) | size()     | get(0)      |
Execution scenario (post part):
[size(), pushBack(6)]

= Iteration 41 / 100 =
Execution scenario (init part):
[pushBack(3), pushBack(5)]
Execution scenario (parallel part):
| pushBack(6) | size()    | put(2, 3)   |
| put(0, -5)  | get(5)    | pushBack(3) |
| get(1)      | put(5, 1) | size()      |
Execution scenario (post part):
[size(), pushBack(1)]

= Iteration 42 / 100 =
Execution scenario (init part):
[put(0, 4), put(6, -6)]
Execution scenario (parallel part):
| size()      | pushBack(4) | get(0) |
| pushBack(4) | get(0)      | get(1) |
| pushBack(3) | get(1)      | size() |
Execution scenario (post part):
[get(4), put(6, 6)]

= Iteration 43 / 100 =
Execution scenario (init part):
[pushBack(6), put(2, -1)]
Execution scenario (parallel part):
| size()     | put(6, -8)  | size()      |
| size()     | pushBack(4) | put(2, 7)   |
| put(4, -5) | get(6)      | pushBack(0) |
Execution scenario (post part):
[size(), pushBack(3)]

= Iteration 44 / 100 =
Execution scenario (init part):
[pushBack(6), size()]
Execution scenario (parallel part):
| get(1)    | size() | pushBack(3) |
| get(3)    | size() | pushBack(5) |
| put(6, 3) | size() | pushBack(3) |
Execution scenario (post part):
[pushBack(2), get(3)]

= Iteration 45 / 100 =
Execution scenario (init part):
[put(3, -6), get(4)]
Execution scenario (parallel part):
| size()     | put(6, 10) | pushBack(6) |
| put(3, 10) | size()     | get(2)      |
| size()     | size()     | size()      |
Execution scenario (post part):
[size(), pushBack(6)]

= Iteration 46 / 100 =
Execution scenario (init part):
[size(), get(5)]
Execution scenario (parallel part):
| get(1)      | pushBack(6) | get(4) |
| pushBack(4) | size()      | get(1) |
| pushBack(5) | pushBack(6) | size() |
Execution scenario (post part):
[get(2), size()]

= Iteration 47 / 100 =
Execution scenario (init part):
[get(2), put(1, -5)]
Execution scenario (parallel part):
| size() | put(1, -10) | size()    |
| get(5) | get(2)      | put(2, 9) |
| size() | get(2)      | get(2)    |
Execution scenario (post part):
[put(3, -2), size()]

= Iteration 48 / 100 =
Execution scenario (init part):
[get(1), pushBack(0)]
Execution scenario (parallel part):
| put(6, 4) | put(3, 5) | pushBack(4) |
| get(6)    | get(1)    | get(1)      |
| put(4, 1) | size()    | pushBack(4) |
Execution scenario (post part):
[pushBack(6), get(0)]

= Iteration 49 / 100 =
Execution scenario (init part):
[get(3), get(6)]
Execution scenario (parallel part):
| get(0)     | put(5, -4)  | size()    |
| put(4, -1) | pushBack(0) | size()    |
| put(3, 1)  | get(0)      | put(6, 1) |
Execution scenario (post part):
[size(), put(2, -8)]

= Iteration 50 / 100 =
Execution scenario (init part):
[pushBack(4), pushBack(0)]
Execution scenario (parallel part):
| pushBack(2) | get(0) | put(6, 10)  |
| get(1)      | get(4) | pushBack(3) |
| size()      | size() | pushBack(0) |
Execution scenario (post part):
[put(4, 3), put(4, 10)]

= Iteration 51 / 100 =
Execution scenario (init part):
[size(), get(3)]
Execution scenario (parallel part):
| put(6, 3)   | put(0, -1)  | pushBack(4) |
| pushBack(1) | pushBack(4) | pushBack(3) |
| put(6, 0)   | size()      | get(6)      |
Execution scenario (post part):
[put(0, -5), get(5)]

= Iteration 52 / 100 =
Execution scenario (init part):
[put(0, 5), put(4, -6)]
Execution scenario (parallel part):
| pushBack(1) | size()     | size()      |
| pushBack(5) | put(5, -6) | pushBack(6) |
| get(2)      | get(0)     | size()      |
Execution scenario (post part):
[get(5), pushBack(2)]

= Iteration 53 / 100 =
Execution scenario (init part):
[put(0, 8), size()]
Execution scenario (parallel part):
| size()     | pushBack(2) | get(4)      |
| get(2)     | pushBack(6) | size()      |
| put(5, -9) | get(3)      | pushBack(6) |
Execution scenario (post part):
[pushBack(0), get(5)]

= Iteration 54 / 100 =
Execution scenario (init part):
[size(), size()]
Execution scenario (parallel part):
| pushBack(1) | get(5)     | size()      |
| put(2, 2)   | get(4)     | pushBack(2) |
| put(1, 6)   | put(0, -8) | size()      |
Execution scenario (post part):
[put(6, -1), pushBack(3)]

= Iteration 55 / 100 =
Execution scenario (init part):
[get(4), put(2, 0)]
Execution scenario (parallel part):
| pushBack(6) | pushBack(3) | size()      |
| pushBack(6) | pushBack(6) | put(6, 1)   |
| get(1)      | put(2, -3)  | pushBack(6) |
Execution scenario (post part):
[put(5, 7), put(5, 9)]

= Iteration 56 / 100 =
Execution scenario (init part):
[get(6), get(0)]
Execution scenario (parallel part):
| pushBack(3) | size()    | get(2)      |
| pushBack(0) | put(0, 7) | put(2, 1)   |
| put(5, -6)  | put(1, 2) | pushBack(2) |
Execution scenario (post part):
[put(2, 9), put(5, 9)]

= Iteration 57 / 100 =
Execution scenario (init part):
[size(), get(5)]
Execution scenario (parallel part):
| pushBack(1) | get(3)      | get(2)     |
| get(6)      | get(1)      | get(4)     |
| pushBack(3) | pushBack(5) | put(5, -2) |
Execution scenario (post part):
[put(2, -9), put(4, -8)]

= Iteration 58 / 100 =
Execution scenario (init part):
[put(3, -5), size()]
Execution scenario (parallel part):
| get(4)     | size() | get(5)      |
| put(6, -9) | get(4) | put(0, -1)  |
| put(0, -9) | get(1) | pushBack(5) |
Execution scenario (post part):
[get(1), pushBack(2)]

= Iteration 59 / 100 =
Execution scenario (init part):
[get(0), pushBack(3)]
Execution scenario (parallel part):
| size()    | put(0, 3) | size() |
| put(3, 1) | get(6)    | get(5) |
| size()    | get(5)    | get(5) |
Execution scenario (post part):
[put(4, -10), get(5)]

= Iteration 60 / 100 =
Execution scenario (init part):
[put(0, -2), put(5, -7)]
Execution scenario (parallel part):
| put(6, -4)  | size()     | get(6) |
| pushBack(1) | size()     | get(3) |
| size()      | put(4, -8) | size() |
Execution scenario (post part):
[size(), size()]

= Iteration 61 / 100 =
Execution scenario (init part):
[put(4, 0), put(5, 7)]
Execution scenario (parallel part):
| pushBack(3) | put(4, 6)   | pushBack(1) |
| pushBack(0) | put(6, -7)  | put(2, 4)   |
| get(6)      | pushBack(3) | size()      |
Execution scenario (post part):
[get(3), pushBack(5)]

= Iteration 62 / 100 =
Execution scenario (init part):
[size(), size()]
Execution scenario (parallel part):
| size()     | get(0)    | put(0, -10) |
| size()     | put(3, 5) | put(0, -1)  |
| put(1, -8) | put(3, 8) | pushBack(2) |
Execution scenario (post part):
[put(6, 0), pushBack(6)]

= Iteration 63 / 100 =
Execution scenario (init part):
[pushBack(6), get(0)]
Execution scenario (parallel part):
| put(5, -9)  | size() | get(4)      |
| pushBack(1) | size() | pushBack(1) |
| size()      | get(4) | pushBack(4) |
Execution scenario (post part):
[pushBack(6), pushBack(6)]

= Iteration 64 / 100 =
Execution scenario (init part):
[size(), put(1, 10)]
Execution scenario (parallel part):
| get(0)      | size()      | put(3, 3)  |
| pushBack(0) | size()      | put(5, -5) |
| get(3)      | pushBack(2) | size()     |
Execution scenario (post part):
[pushBack(3), size()]

= Iteration 65 / 100 =
Execution scenario (init part):
[get(6), put(5, -9)]
Execution scenario (parallel part):
| put(1, -9) | get(3) | put(0, 1)   |
| size()     | get(1) | pushBack(4) |
| size()     | size() | pushBack(4) |
Execution scenario (post part):
[size(), size()]

= Iteration 66 / 100 =
Execution scenario (init part):
[pushBack(6), pushBack(0)]
Execution scenario (parallel part):
| pushBack(4) | get(5)      | put(6, -7)  |
| size()      | pushBack(1) | put(2, -6)  |
| put(2, 2)   | put(2, -3)  | pushBack(1) |
Execution scenario (post part):
[get(5), get(5)]

= Iteration 67 / 100 =
Execution scenario (init part):
[put(3, 1), put(4, 4)]
Execution scenario (parallel part):
| size()      | size()      | pushBack(6) |
| pushBack(1) | pushBack(6) | get(1)      |
| put(5, 0)   | get(3)      | pushBack(4) |
Execution scenario (post part):
[size(), get(2)]

= Iteration 68 / 100 =
Execution scenario (init part):
[pushBack(0), size()]
Execution scenario (parallel part):
| pushBack(5) | pushBack(5) | get(4) |
| get(4)      | pushBack(2) | get(2) |
| put(5, 8)   | get(3)      | get(3) |
Execution scenario (post part):
[pushBack(1), put(0, -7)]

= Iteration 69 / 100 =
Execution scenario (init part):
[get(4), put(0, -10)]
Execution scenario (parallel part):
| pushBack(2) | pushBack(6) | put(0, 4)  |
| get(0)      | get(2)      | get(0)     |
| size()      | size()      | put(1, -1) |
Execution scenario (post part):
[put(2, -1), put(6, 1)]

= Iteration 70 / 100 =
Execution scenario (init part):
[pushBack(6), put(3, -1)]
Execution scenario (parallel part):
| put(4, 9)   | get(5)    | pushBack(4) |
| pushBack(1) | size()    | get(6)      |
| put(0, -8)  | put(0, 1) | size()      |
Execution scenario (post part):
[get(2), put(2, -5)]

= Iteration 71 / 100 =
Execution scenario (init part):
[put(1, -4), pushBack(5)]
Execution scenario (parallel part):
| get(0)      | size() | get(0) |
| pushBack(5) | size() | size() |
| pushBack(3) | get(1) | size() |
Execution scenario (post part):
[get(3), pushBack(0)]

= Iteration 72 / 100 =
Execution scenario (init part):
[size(), pushBack(3)]
Execution scenario (parallel part):
| pushBack(2) | put(4, -1) | pushBack(6) |
| get(4)      | put(5, 6)  | pushBack(0) |
| pushBack(0) | put(2, 10) | size()      |
Execution scenario (post part):
[put(0, 10), pushBack(0)]

= Iteration 73 / 100 =
Execution scenario (init part):
[put(2, -2), pushBack(2)]
Execution scenario (parallel part):
| get(6) | get(0)      | get(4)      |
| get(0) | put(4, 9)   | put(2, 5)   |
| size() | pushBack(2) | pushBack(2) |
Execution scenario (post part):
[get(0), size()]

= Iteration 74 / 100 =
Execution scenario (init part):
[put(1, -2), pushBack(2)]
Execution scenario (parallel part):
| get(6)    | put(1, -8) | size()     |
| get(3)    | size()     | put(5, -5) |
| put(0, 1) | size()     | put(1, 6)  |
Execution scenario (post part):
[get(5), put(4, 3)]

= Iteration 75 / 100 =
Execution scenario (init part):
[put(1, 9), size()]
Execution scenario (parallel part):
| put(4, -7)  | size()      | size()      |
| put(6, -10) | get(2)      | pushBack(5) |
| size()      | pushBack(2) | pushBack(6) |
Execution scenario (post part):
[pushBack(3), pushBack(6)]

= Iteration 76 / 100 =
Execution scenario (init part):
[pushBack(1), get(1)]
Execution scenario (parallel part):
| get(5)     | pushBack(2) | get(5)      |
| put(1, -1) | size()      | pushBack(3) |
| put(3, 3)  | put(6, 5)   | get(1)      |
Execution scenario (post part):
[pushBack(1), size()]

= Iteration 77 / 100 =
Execution scenario (init part):
[put(2, -10), get(0)]
Execution scenario (parallel part):
| pushBack(4) | pushBack(4) | pushBack(2) |
| get(4)      | pushBack(6) | size()      |
| put(4, 6)   | put(6, -3)  | get(6)      |
Execution scenario (post part):
[get(5), get(1)]

= Iteration 78 / 100 =
Execution scenario (init part):
[pushBack(2), size()]
Execution scenario (parallel part):
| pushBack(3) | get(5)    | get(0)      |
| size()      | put(4, 8) | put(0, 5)   |
| size()      | size()    | pushBack(0) |
Execution scenario (post part):
[get(2), size()]

= Iteration 79 / 100 =
Execution scenario (init part):
[size(), get(2)]
Execution scenario (parallel part):
| put(3, -10) | get(1)      | size() |
| put(6, 0)   | put(2, 10)  | get(6) |
| put(6, 1)   | pushBack(3) | size() |
Execution scenario (post part):
[pushBack(6), size()]

= Iteration 80 / 100 =
Execution scenario (init part):
[pushBack(5), pushBack(4)]
Execution scenario (parallel part):
| get(4)    | pushBack(4) | pushBack(5) |
| put(1, 1) | size()      | get(0)      |
| get(6)    | get(2)      | size()      |
Execution scenario (post part):
[get(1), put(1, -3)]

= Iteration 81 / 100 =
Execution scenario (init part):
[pushBack(2), get(2)]
Execution scenario (parallel part):
| size() | put(3, -5) | get(2)      |
| get(2) | size()     | put(2, -9)  |
| size() | get(5)     | pushBack(1) |
Execution scenario (post part):
[put(5, 1), pushBack(4)]

= Iteration 82 / 100 =
Execution scenario (init part):
[put(0, -10), pushBack(1)]
Execution scenario (parallel part):
| get(3)     | get(3)    | get(6)     |
| put(1, -3) | put(4, 8) | put(3, -1) |
| put(6, -3) | put(6, 9) | get(5)     |
Execution scenario (post part):
[size(), size()]

= Iteration 83 / 100 =
Execution scenario (init part):
[size(), size()]
Execution scenario (parallel part):
| get(5)      | put(1, -4)  | size()      |
| pushBack(2) | get(5)      | pushBack(0) |
| put(5, 6)   | pushBack(1) | pushBack(5) |
Execution scenario (post part):
[size(), pushBack(1)]

= Iteration 84 / 100 =
Execution scenario (init part):
[size(), pushBack(1)]
Execution scenario (parallel part):
| pushBack(6) | get(4)      | get(0)      |
| pushBack(5) | size()      | pushBack(1) |
| pushBack(0) | pushBack(4) | put(3, -5)  |
Execution scenario (post part):
[get(4), put(0, 9)]

= Iteration 85 / 100 =
Execution scenario (init part):
[size(), put(2, -8)]
Execution scenario (parallel part):
| get(6)     | put(4, 2)  | get(1)      |
| put(3, -1) | put(6, -2) | pushBack(3) |
| get(3)     | size()     | size()      |
Execution scenario (post part):
[get(2), pushBack(1)]

= Iteration 86 / 100 =
Execution scenario (init part):
[size(), put(3, 2)]
Execution scenario (parallel part):
| pushBack(3) | size()      | pushBack(4) |
| get(5)      | pushBack(5) | get(5)      |
| put(1, 5)   | put(4, -6)  | pushBack(0) |
Execution scenario (post part):
[get(0), get(4)]

= Iteration 87 / 100 =
Execution scenario (init part):
[pushBack(6), put(2, 4)]
Execution scenario (parallel part):
| pushBack(2) | pushBack(5) | put(5, 5)   |
| put(0, 9)   | pushBack(1) | pushBack(5) |
| put(4, 9)   | pushBack(3) | put(4, -3)  |
Execution scenario (post part):
[put(4, -6), size()]

= Iteration 88 / 100 =
Execution scenario (init part):
[put(1, -7), pushBack(6)]
Execution scenario (parallel part):
| size()      | get(2)      | get(1)      |
| pushBack(5) | pushBack(1) | pushBack(3) |
| pushBack(3) | size()      | get(6)      |
Execution scenario (post part):
[put(1, 7), size()]

= Iteration 89 / 100 =
Execution scenario (init part):
[size(), pushBack(6)]
Execution scenario (parallel part):
| put(1, -5)  | size()     | put(4, 10) |
| get(2)      | put(1, 3)  | size()     |
| pushBack(2) | put(1, -4) | put(2, -6) |
Execution scenario (post part):
[put(1, -7), size()]

= Iteration 90 / 100 =
Execution scenario (init part):
[size(), size()]
Execution scenario (parallel part):
| put(2, 8) | get(6)    | size()      |
| get(5)    | get(2)    | pushBack(3) |
| get(3)    | put(1, 8) | put(0, 3)   |
Execution scenario (post part):
[pushBack(1), get(1)]

= Iteration 91 / 100 =
Execution scenario (init part):
[put(5, 1), get(6)]
Execution scenario (parallel part):
| get(0)    | put(4, -4)  | get(5)      |
| size()    | size()      | pushBack(6) |
| put(3, 7) | pushBack(3) | put(3, -1)  |
Execution scenario (post part):
[size(), pushBack(2)]

= Iteration 92 / 100 =
Execution scenario (init part):
[size(), pushBack(3)]
Execution scenario (parallel part):
| get(0)    | get(3)     | get(2)      |
| get(0)    | put(6, -8) | put(2, -10) |
| put(5, 2) | size()     | size()      |
Execution scenario (post part):
[size(), get(1)]

= Iteration 93 / 100 =
Execution scenario (init part):
[get(3), size()]
Execution scenario (parallel part):
| get(6)      | size()      | get(3)      |
| pushBack(5) | get(5)      | put(0, -8)  |
| size()      | pushBack(6) | pushBack(3) |
Execution scenario (post part):
[size(), size()]

= Iteration 94 / 100 =
Execution scenario (init part):
[pushBack(0), put(6, 0)]
Execution scenario (parallel part):
| put(1, 0)   | get(6)     | pushBack(6) |
| pushBack(4) | put(2, 6)  | get(3)      |
| pushBack(1) | put(0, -9) | get(1)      |
Execution scenario (post part):
[get(5), put(1, -5)]

= Iteration 95 / 100 =
Execution scenario (init part):
[pushBack(4), get(0)]
Execution scenario (parallel part):
| put(5, 1) | get(0)      | size()      |
| size()    | pushBack(0) | get(5)      |
| put(0, 2) | pushBack(6) | pushBack(4) |
Execution scenario (post part):
[size(), pushBack(4)]

= Iteration 96 / 100 =
Execution scenario (init part):
[pushBack(4), size()]
Execution scenario (parallel part):
| get(4)      | pushBack(0) | put(6, -3) |
| get(5)      | size()      | get(3)     |
| pushBack(0) | pushBack(6) | size()     |
Execution scenario (post part):
[put(0, -10), pushBack(6)]

= Iteration 97 / 100 =
Execution scenario (init part):
[pushBack(0), put(6, 0)]
Execution scenario (parallel part):
| put(4, 9)  | pushBack(6) | pushBack(4) |
| size()     | size()      | pushBack(4) |
| put(4, -4) | pushBack(2) | pushBack(6) |
Execution scenario (post part):
[size(), put(0, -4)]

= Iteration 98 / 100 =
Execution scenario (init part):
[pushBack(0), get(5)]
Execution scenario (parallel part):
| get(6)    | put(6, 10) | size() |
| size()    | get(0)     | get(3) |
| put(4, 2) | put(3, -7) | size() |
Execution scenario (post part):
[size(), pushBack(4)]

= Iteration 99 / 100 =
Execution scenario (init part):
[get(3), put(4, 2)]
Execution scenario (parallel part):
| size()    | pushBack(5) | get(0)      |
| size()    | size()      | pushBack(5) |
| put(5, 3) | put(4, 2)   | pushBack(0) |
Execution scenario (post part):
[get(6), put(1, -7)]

= Iteration 100 / 100 =
Execution scenario (init part):
[get(2), pushBack(1)]
Execution scenario (parallel part):
| pushBack(6) | size()      | get(1)      |
| size()      | size()      | pushBack(3) |
| pushBack(0) | pushBack(0) | get(3)      |
Execution scenario (post part):
[put(4, 9), get(0)]
]]></system-out>
  <system-err><![CDATA[]]></system-err>
</testsuite>
